{"E:\\CA400\\2020-ca400-moonec33-oconnh26\\src\\ICE\\UIcomponents\\StyledButton.js": {"path":"E:\\CA400\\2020-ca400-moonec33-oconnh26\\src\\ICE\\UIcomponents\\StyledButton.js","statementMap":{"0":{"start":{"line":1,"column":13},"end":{"line":1,"column":75}},"1":{"start":{"line":1,"column":75},"end":{"line":1,"column":100}},"2":{"start":{"line":2,"column":13},"end":{"line":2,"column":53}},"3":{"start":{"line":3,"column":19},"end":{"line":3,"column":42}},"4":{"start":{"line":3,"column":62},"end":{"line":3,"column":144}},"5":{"start":{"line":3,"column":183},"end":{"line":3,"column":237}},"6":{"start":{"line":5,"column":19},"end":{"line":13,"column":1}},"7":{"start":{"line":7,"column":2},"end":{"line":8,"column":139}},"8":{"start":{"line":12,"column":2},"end":{"line":12,"column":160}},"9":{"start":{"line":15,"column":13},"end":{"line":27,"column":27}},"10":{"start":{"line":31,"column":0},"end":{"line":31,"column":12}},"11":{"start":{"line":31,"column":13},"end":{"line":31,"column":40}}},"fnMap":{"0":{"name":"_interopRequireDefault","decl":{"start":{"line":3,"column":154},"end":{"line":3,"column":176}},"loc":{"start":{"line":3,"column":182},"end":{"line":3,"column":238}},"line":3},"1":{"name":"styledButton","decl":{"start":{"line":5,"column":28},"end":{"line":5,"column":40}},"loc":{"start":{"line":5,"column":48},"end":{"line":13,"column":1}},"line":5}},"branchMap":{"0":{"loc":{"start":{"line":3,"column":190},"end":{"line":3,"column":236}},"type":"cond-expr","locations":[{"start":{"line":3,"column":214},"end":{"line":3,"column":217}},{"start":{"line":3,"column":220},"end":{"line":3,"column":236}}],"line":3},"1":{"loc":{"start":{"line":3,"column":190},"end":{"line":3,"column":211}},"type":"binary-expr","locations":[{"start":{"line":3,"column":190},"end":{"line":3,"column":193}},{"start":{"line":3,"column":197},"end":{"line":3,"column":211}}],"line":3}},"s":{"0":1,"1":1,"2":1,"3":1,"4":1,"5":1,"6":1,"7":2,"8":2,"9":1,"10":1,"11":1},"f":{"0":1,"1":2},"b":{"0":[0,1],"1":[1,1]},"_coverageSchema":"43e27e138ebf9cfc5966b082cf9a028302ed4184","hash":"6b19fece6a6c3c1a582af8db2386659aa6c27b17"}
}
